<?xml version="1.0" encoding="UTF-8"?>
<testsuite xmlns:xsi="http://www.w3.org/2001/XMLSchema-instance" xsi:noNamespaceSchemaLocation="https://maven.apache.org/surefire/maven-surefire-plugin/xsd/surefire-test-report.xsd" name="PrimeIndexTest" time="5.727" tests="3" errors="0" skipped="0" failures="0">
  <properties>
[...]
</properties>
  <testcase name="testFail" classname="homework2.PrimeIndexTest" time="2.128"/>
  <testcase name="testPass" classname="homework2.PrimeIndexTest" time="3.054"/>
  <testcase name="testInvalid" classname="homework2.PrimeIndexTest" time="0.52"/>
</testsuite>